<?xml version="1.0" encoding="UTF-8"?>
<testng-results skipped="0" failed="0" ignored="0" total="1" passed="1">
  <reporter-output>
  </reporter-output>
  <suite name="Default suite" duration-ms="120208" started-at="2019-10-30T14:32:16 EET" finished-at="2019-10-30T14:34:16 EET">
    <groups>
    </groups>
    <test name="Default test" duration-ms="120208" started-at="2019-10-30T14:32:16 EET" finished-at="2019-10-30T14:34:16 EET">
      <class name="Test.EvamSoftware">
        <test-method status="PASS" signature="test()[pri:0, instance:Test.EvamSoftware@6737fd8f]" name="test" duration-ms="120115" started-at="2019-10-30T14:32:16 EET" finished-at="2019-10-30T14:34:16 EET">
          <reporter-output>
          </reporter-output>
        </test-method> <!-- test -->
      </class> <!-- Test.EvamSoftware -->
    </test> <!-- Default test -->
  </suite> <!-- Default suite -->
</testng-results>
